<?xml version="1.0" encoding="UTF-8"?>
<testng-results ignored="0" total="1" passed="1" failed="0" skipped="0">
  <reporter-output>
  </reporter-output>
  <suite started-at="2025-04-03T11:34:45 IST" name="Default suite" finished-at="2025-04-03T11:35:23 IST" duration-ms="37617">
    <groups>
    </groups>
    <test started-at="2025-04-03T11:34:45 IST" name="Default test" finished-at="2025-04-03T11:35:23 IST" duration-ms="37617">
      <class name="com.ShoppersStack_TestScript.TC_001_verify_address_is_added_or_not">
        <test-method is-config="true" signature="beforeSuite()[pri:0, instance:com.ShoppersStack_TestScript.TC_001_verify_address_is_added_or_not@909217e]" started-at="2025-04-03T11:34:45 IST" name="beforeSuite" finished-at="2025-04-03T11:34:45 IST" duration-ms="50" status="PASS">
          <reporter-output>
          </reporter-output>
        </test-method> <!-- beforeSuite -->
        <test-method is-config="true" signature="beforeTest()[pri:0, instance:com.ShoppersStack_TestScript.TC_001_verify_address_is_added_or_not@909217e]" started-at="2025-04-03T11:34:45 IST" name="beforeTest" finished-at="2025-04-03T11:34:46 IST" duration-ms="790" status="PASS">
          <reporter-output>
          </reporter-output>
        </test-method> <!-- beforeTest -->
        <test-method is-config="true" signature="beforeClass()[pri:0, instance:com.ShoppersStack_TestScript.TC_001_verify_address_is_added_or_not@909217e]" started-at="2025-04-03T11:34:46 IST" name="beforeClass" finished-at="2025-04-03T11:34:50 IST" duration-ms="4539" status="PASS">
          <reporter-output>
          </reporter-output>
        </test-method> <!-- beforeClass -->
        <test-method is-config="true" signature="beforeMethod()[pri:0, instance:com.ShoppersStack_TestScript.TC_001_verify_address_is_added_or_not@909217e]" started-at="2025-04-03T11:34:50 IST" name="beforeMethod" finished-at="2025-04-03T11:35:08 IST" duration-ms="17936" status="PASS">
          <reporter-output>
          </reporter-output>
        </test-method> <!-- beforeMethod -->
        <test-method signature="addAddress()[pri:0, instance:com.ShoppersStack_TestScript.TC_001_verify_address_is_added_or_not@909217e]" started-at="2025-04-03T11:35:08 IST" name="addAddress" finished-at="2025-04-03T11:35:18 IST" duration-ms="9849" status="PASS">
          <reporter-output>
          </reporter-output>
        </test-method> <!-- addAddress -->
        <test-method is-config="true" signature="afterMethod()[pri:0, instance:com.ShoppersStack_TestScript.TC_001_verify_address_is_added_or_not@909217e]" started-at="2025-04-03T11:35:18 IST" name="afterMethod" finished-at="2025-04-03T11:35:19 IST" duration-ms="772" status="PASS">
          <reporter-output>
          </reporter-output>
        </test-method> <!-- afterMethod -->
        <test-method is-config="true" signature="afterClass()[pri:0, instance:com.ShoppersStack_TestScript.TC_001_verify_address_is_added_or_not@909217e]" started-at="2025-04-03T11:35:19 IST" name="afterClass" finished-at="2025-04-03T11:35:22 IST" duration-ms="2636" status="PASS">
          <reporter-output>
          </reporter-output>
        </test-method> <!-- afterClass -->
        <test-method is-config="true" signature="afterTest()[pri:0, instance:com.ShoppersStack_TestScript.TC_001_verify_address_is_added_or_not@909217e]" started-at="2025-04-03T11:35:22 IST" name="afterTest" finished-at="2025-04-03T11:35:23 IST" duration-ms="935" status="PASS">
          <reporter-output>
          </reporter-output>
        </test-method> <!-- afterTest -->
        <test-method is-config="true" signature="afterSuite()[pri:0, instance:com.ShoppersStack_TestScript.TC_001_verify_address_is_added_or_not@909217e]" started-at="2025-04-03T11:35:23 IST" name="afterSuite" finished-at="2025-04-03T11:35:23 IST" duration-ms="1" status="PASS">
          <reporter-output>
          </reporter-output>
        </test-method> <!-- afterSuite -->
      </class> <!-- com.ShoppersStack_TestScript.TC_001_verify_address_is_added_or_not -->
    </test> <!-- Default test -->
  </suite> <!-- Default suite -->
</testng-results>
